<?xml version="1.0" encoding="UTF-8"?>
<testng-results skipped="0" failed="0" total="1" passed="1">
  <reporter-output>
  </reporter-output>
  <suite name="Default suite" duration-ms="22015" started-at="2020-02-20T05:05:39Z" finished-at="2020-02-20T05:06:01Z">
    <groups>
    </groups>
    <test name="Default test" duration-ms="22015" started-at="2020-02-20T05:05:39Z" finished-at="2020-02-20T05:06:01Z">
      <class name="Stockaccounting_hybrid_mvn_82.Stockaccounting_hybrid_mvn_82.AppTest">
        <test-method status="PASS" signature="f()[pri:0, instance:Stockaccounting_hybrid_mvn_82.Stockaccounting_hybrid_mvn_82.AppTest@553f17c]" name="f" duration-ms="21983" started-at="2020-02-20T10:35:39Z" finished-at="2020-02-20T10:36:01Z">
          <reporter-output>
          </reporter-output>
        </test-method> <!-- f -->
      </class> <!-- Stockaccounting_hybrid_mvn_82.Stockaccounting_hybrid_mvn_82.AppTest -->
    </test> <!-- Default test -->
  </suite> <!-- Default suite -->
</testng-results>
